# JRE version: OpenJDK Runtime Environment (8.0_242) (build 1.8.0_242-release-1644-b3-6222593)
# Java VM: OpenJDK 64-Bit Server VM (25.242-b3-6222593 mixed mode linux-amd64 compressed oops)
Heap:
 PSYoungGen      total 546304K, used 247103K [0x00000000d5580000, 0x0000000100000000, 0x0000000100000000)
  eden space 498176K, 49% used [0x00000000d5580000,0x00000000e46cfc08,0x00000000f3c00000)
  from space 48128K, 0% used [0x00000000fd100000,0x00000000fd100000,0x0000000100000000)
  to   space 100352K, 0% used [0x00000000f3c00000,0x00000000f3c00000,0x00000000f9e00000)
 ParOldGen       total 248832K, used 96145K [0x0000000080000000, 0x000000008f300000, 0x00000000d5580000)
  object space 248832K, 38% used [0x0000000080000000,0x0000000085de4710,0x000000008f300000)
 Metaspace       used 111780K, capacity 118252K, committed 118424K, reserved 1153024K
  class space    used 14535K, capacity 15769K, committed 15792K, reserved 1048576K
GC Heap History (10 events):
Event: 290.276 GC heap before
{Heap before GC invocations=19 (full 4):
 PSYoungGen      total 536576K, used 498176K [0x00000000d5580000, 0x00000000f8900000, 0x0000000100000000)
  eden space 498176K, 100% used [0x00000000d5580000,0x00000000f3c00000,0x00000000f3c00000)
  from space 38400K, 0% used [0x00000000f6080000,0x00000000f6080000,0x00000000f8600000)
  to   space 37376K, 0% used [0x00000000f3c00000,0x00000000f3c00000,0x00000000f6080000)
 ParOldGen       total 172032K, used 74373K [0x0000000080000000, 0x000000008a800000, 0x00000000d5580000)
  object space 172032K, 43% used [0x0000000080000000,0x00000000848a1400,0x000000008a800000)
 Metaspace       used 97913K, capacity 102426K, committed 102680K, reserved 1138688K
  class space    used 12812K, capacity 13772K, committed 13872K, reserved 1048576K
Event: 290.309 GC heap after
Heap after GC invocations=19 (full 4):
 PSYoungGen      total 535552K, used 23028K [0x00000000d5580000, 0x0000000100000000, 0x0000000100000000)
  eden space 498176K, 0% used [0x00000000d5580000,0x00000000d5580000,0x00000000f3c00000)
  from space 37376K, 61% used [0x00000000f3c00000,0x00000000f527d060,0x00000000f6080000)
  to   space 37888K, 0% used [0x00000000fdb00000,0x00000000fdb00000,0x0000000100000000)
 ParOldGen       total 172032K, used 74381K [0x0000000080000000, 0x000000008a800000, 0x00000000d5580000)
  object space 172032K, 43% used [0x0000000080000000,0x00000000848a3400,0x000000008a800000)
 Metaspace       used 97913K, capacity 102426K, committed 102680K, reserved 1138688K
  class space    used 12812K, capacity 13772K, committed 13872K, reserved 1048576K
}
Event: 350.094 GC heap before
{Heap before GC invocations=20 (full 4):
 PSYoungGen      total 535552K, used 521204K [0x00000000d5580000, 0x0000000100000000, 0x0000000100000000)
  eden space 498176K, 100% used [0x00000000d5580000,0x00000000f3c00000,0x00000000f3c00000)
  from space 37376K, 61% used [0x00000000f3c00000,0x00000000f527d060,0x00000000f6080000)
  to   space 37888K, 0% used [0x00000000fdb00000,0x00000000fdb00000,0x0000000100000000)
 ParOldGen       total 172032K, used 74381K [0x0000000080000000, 0x000000008a800000, 0x00000000d5580000)
  object space 172032K, 43% used [0x0000000080000000,0x00000000848a3400,0x000000008a800000)
 Metaspace       used 99368K, capacity 104218K, committed 104472K, reserved 1140736K
  class space    used 12880K, capacity 13864K, committed 13872K, reserved 1048576K
Event: 350.148 GC heap after
Heap after GC invocations=20 (full 4):
 PSYoungGen      total 637440K, used 31099K [0x00000000d5580000, 0x00000000ff980000, 0x0000000100000000)
  eden space 606208K, 0% used [0x00000000d5580000,0x00000000d5580000,0x00000000fa580000)
  from space 31232K, 99% used [0x00000000fdb00000,0x00000000ff95ec90,0x00000000ff980000)
  to   space 41472K, 0% used [0x00000000fa880000,0x00000000fa880000,0x00000000fd100000)
 ParOldGen       total 172032K, used 74389K [0x0000000080000000, 0x000000008a800000, 0x00000000d5580000)
  object space 172032K, 43% used [0x0000000080000000,0x00000000848a5400,0x000000008a800000)
 Metaspace       used 99368K, capacity 104218K, committed 104472K, reserved 1140736K
  class space    used 12880K, capacity 13864K, committed 13872K, reserved 1048576K
}
Event: 355.648 GC heap before
{Heap before GC invocations=21 (full 4):
 PSYoungGen      total 637440K, used 637307K [0x00000000d5580000, 0x00000000ff980000, 0x0000000100000000)
  eden space 606208K, 100% used [0x00000000d5580000,0x00000000fa580000,0x00000000fa580000)
  from space 31232K, 99% used [0x00000000fdb00000,0x00000000ff95ec90,0x00000000ff980000)
  to   space 41472K, 0% used [0x00000000fa880000,0x00000000fa880000,0x00000000fd100000)
 ParOldGen       total 172032K, used 74389K [0x0000000080000000, 0x000000008a800000, 0x00000000d5580000)
  object space 172032K, 43% used [0x0000000080000000,0x00000000848a5400,0x000000008a800000)
 Metaspace       used 107451K, capacity 113280K, committed 113432K, reserved 1146880K
  class space    used 14002K, capacity 15127K, committed 15152K, reserved 1048576K
Event: 355.728 GC heap after
Heap after GC invocations=21 (full 4):
 PSYoungGen      total 650752K, used 41471K [0x00000000d5580000, 0x0000000100000000, 0x0000000100000000)
  eden space 609280K, 0% used [0x00000000d5580000,0x00000000d5580000,0x00000000fa880000)
  from space 41472K, 99% used [0x00000000fa880000,0x00000000fd0fff68,0x00000000fd100000)
  to   space 48128K, 0% used [0x00000000fd100000,0x00000000fd100000,0x0000000100000000)
 ParOldGen       total 172032K, used 126948K [0x0000000080000000, 0x000000008a800000, 0x00000000d5580000)
  object space 172032K, 73% used [0x0000000080000000,0x0000000087bf9248,0x000000008a800000)
 Metaspace       used 107451K, capacity 113280K, committed 113432K, reserved 1146880K
  class space    used 14002K, capacity 15127K, committed 15152K, reserved 1048576K
}
Event: 431.928 GC heap before
{Heap before GC invocations=22 (full 4):
 PSYoungGen      total 650752K, used 650751K [0x00000000d5580000, 0x0000000100000000, 0x0000000100000000)
  eden space 609280K, 100% used [0x00000000d5580000,0x00000000fa880000,0x00000000fa880000)
  from space 41472K, 99% used [0x00000000fa880000,0x00000000fd0fff68,0x00000000fd100000)
  to   space 48128K, 0% used [0x00000000fd100000,0x00000000fd100000,0x0000000100000000)
 ParOldGen       total 172032K, used 126948K [0x0000000080000000, 0x000000008a800000, 0x00000000d5580000)
  object space 172032K, 73% used [0x0000000080000000,0x0000000087bf9248,0x000000008a800000)
 Metaspace       used 109766K, capacity 116020K, committed 116120K, reserved 1150976K
  class space    used 14299K, capacity 15503K, committed 15536K, reserved 1048576K
Event: 432.071 GC heap after
Heap after GC invocations=22 (full 4):
 PSYoungGen      total 546304K, used 48115K [0x00000000d5580000, 0x0000000100000000, 0x0000000100000000)
  eden space 498176K, 0% used [0x00000000d5580000,0x00000000d5580000,0x00000000f3c00000)
  from space 48128K, 99% used [0x00000000fd100000,0x00000000ffffcc70,0x0000000100000000)
  to   space 100352K, 0% used [0x00000000f3c00000,0x00000000f3c00000,0x00000000f9e00000)
 ParOldGen       total 204800K, used 204334K [0x0000000080000000, 0x000000008c800000, 0x00000000d5580000)
  object space 204800K, 99% used [0x0000000080000000,0x000000008c78ba68,0x000000008c800000)
 Metaspace       used 109766K, capacity 116020K, committed 116120K, reserved 1150976K
  class space    used 14299K, capacity 15503K, committed 15536K, reserved 1048576K
}
Event: 432.071 GC heap before
{Heap before GC invocations=23 (full 5):
 PSYoungGen      total 546304K, used 48115K [0x00000000d5580000, 0x0000000100000000, 0x0000000100000000)
  eden space 498176K, 0% used [0x00000000d5580000,0x00000000d5580000,0x00000000f3c00000)
  from space 48128K, 99% used [0x00000000fd100000,0x00000000ffffcc70,0x0000000100000000)
  to   space 100352K, 0% used [0x00000000f3c00000,0x00000000f3c00000,0x00000000f9e00000)
 ParOldGen       total 204800K, used 204334K [0x0000000080000000, 0x000000008c800000, 0x00000000d5580000)
  object space 204800K, 99% used [0x0000000080000000,0x000000008c78ba68,0x000000008c800000)
 Metaspace       used 109766K, capacity 116020K, committed 116120K, reserved 1150976K
  class space    used 14299K, capacity 15503K, committed 15536K, reserved 1048576K
Event: 432.301 GC heap after
Heap after GC invocations=23 (full 5):
 PSYoungGen      total 546304K, used 0K [0x00000000d5580000, 0x0000000100000000, 0x0000000100000000)
  eden space 498176K, 0% used [0x00000000d5580000,0x00000000d5580000,0x00000000f3c00000)
  from space 48128K, 0% used [0x00000000fd100000,0x00000000fd100000,0x0000000100000000)
  to   space 100352K, 0% used [0x00000000f3c00000,0x00000000f3c00000,0x00000000f9e00000)
 ParOldGen       total 248832K, used 96145K [0x0000000080000000, 0x000000008f300000, 0x00000000d5580000)
  object space 248832K, 38% used [0x0000000080000000,0x0000000085de4710,0x000000008f300000)
 Metaspace       used 109659K, capacity 115734K, committed 116120K, reserved 1150976K
  class space    used 14262K, capacity 15438K, committed 15536K, reserved 1048576K
}

